Drill report for AI_Board_Rev_B.kicad_pcb
Created on 2025-10-19T17:51:31-0500

Copper Layer Stackup:
    =============================================================
    L1 :  F.Cu                      front
    L2 :  B.Cu                      back


Drill file 'AI_Board_Rev_B-PTH.drl' contains
    plated through holes:
    =============================================================
    T1  0.400mm  0.0157"  (202 holes)
    T2  0.800mm  0.0315"  (32 holes)
    T3  1.000mm  0.0394"  (101 holes)
    T4  2.700mm  0.1063"  (32 holes)
    T5  3.200mm  0.1260"  (2 holes)

    Total plated holes count 369


Drill file 'AI_Board_Rev_B-NPTH.drl' contains
    unplated through holes:
    =============================================================
    T1  3.200mm  0.1260"  (4 holes)

    Total unplated holes count 4
